2025-03-16 22:48:27,722 - finetune_cidis_bananos - INFO - Copy the Config file from cfgs/finetune_cidis_bananos.yaml to ./experiments/finetune_cidis_bananos/cfgs/Mamba3D_cidis_bananos/config.yaml
2025-03-16 22:48:27,722 - finetune_cidis_bananos - INFO - args.config : cfgs/finetune_cidis_bananos.yaml
2025-03-16 22:48:27,722 - finetune_cidis_bananos - INFO - args.launcher : none
2025-03-16 22:48:27,722 - finetune_cidis_bananos - INFO - args.local_rank : 0
2025-03-16 22:48:27,722 - finetune_cidis_bananos - INFO - args.num_workers : 32
2025-03-16 22:48:27,722 - finetune_cidis_bananos - INFO - args.seed : 0
2025-03-16 22:48:27,722 - finetune_cidis_bananos - INFO - args.deterministic : False
2025-03-16 22:48:27,722 - finetune_cidis_bananos - INFO - args.sync_bn : False
2025-03-16 22:48:27,722 - finetune_cidis_bananos - INFO - args.exp_name : Mamba3D_cidis_bananos
2025-03-16 22:48:27,722 - finetune_cidis_bananos - INFO - args.loss : cd1
2025-03-16 22:48:27,722 - finetune_cidis_bananos - INFO - args.start_ckpts : None
2025-03-16 22:48:27,722 - finetune_cidis_bananos - INFO - args.ckpts : ./models/pretrained/ScanObjectNN_PointMAE/ckpt-best.pth
2025-03-16 22:48:27,722 - finetune_cidis_bananos - INFO - args.val_freq : 1
2025-03-16 22:48:27,722 - finetune_cidis_bananos - INFO - args.vote : False
2025-03-16 22:48:27,722 - finetune_cidis_bananos - INFO - args.resume : False
2025-03-16 22:48:27,722 - finetune_cidis_bananos - INFO - args.svm : False
2025-03-16 22:48:27,722 - finetune_cidis_bananos - INFO - args.test : False
2025-03-16 22:48:27,722 - finetune_cidis_bananos - INFO - args.finetune_model : True
2025-03-16 22:48:27,722 - finetune_cidis_bananos - INFO - args.scratch_model : False
2025-03-16 22:48:27,723 - finetune_cidis_bananos - INFO - args.mem_cpu : False
2025-03-16 22:48:27,723 - finetune_cidis_bananos - INFO - args.fewshot_model : False
2025-03-16 22:48:27,723 - finetune_cidis_bananos - INFO - args.mode : None
2025-03-16 22:48:27,723 - finetune_cidis_bananos - INFO - args.way : 5
2025-03-16 22:48:27,723 - finetune_cidis_bananos - INFO - args.shot : 10
2025-03-16 22:48:27,723 - finetune_cidis_bananos - INFO - args.fold : 9
2025-03-16 22:48:27,723 - finetune_cidis_bananos - INFO - args.tsne_model : False
2025-03-16 22:48:27,723 - finetune_cidis_bananos - INFO - args.test_model : point_mae
2025-03-16 22:48:27,723 - finetune_cidis_bananos - INFO - args.tsne_fig_path : /home/Mamba3D/tsne_pointmae_hardest_pt.pdf
2025-03-16 22:48:27,723 - finetune_cidis_bananos - INFO - args.experiment_path : ./experiments/finetune_cidis_bananos/cfgs/Mamba3D_cidis_bananos
2025-03-16 22:48:27,723 - finetune_cidis_bananos - INFO - args.tfboard_path : ./experiments/finetune_cidis_bananos/cfgs/TFBoard/Mamba3D_cidis_bananos
2025-03-16 22:48:27,723 - finetune_cidis_bananos - INFO - args.log_name : finetune_cidis_bananos
2025-03-16 22:48:27,723 - finetune_cidis_bananos - INFO - args.use_gpu : True
2025-03-16 22:48:27,723 - finetune_cidis_bananos - INFO - args.distributed : False
2025-03-16 22:48:27,723 - finetune_cidis_bananos - INFO - config.optimizer = edict()
2025-03-16 22:48:27,723 - finetune_cidis_bananos - INFO - config.optimizer.type : AdamW
2025-03-16 22:48:27,723 - finetune_cidis_bananos - INFO - config.optimizer.kwargs = edict()
2025-03-16 22:48:27,723 - finetune_cidis_bananos - INFO - config.optimizer.kwargs.lr : 0.0005
2025-03-16 22:48:27,723 - finetune_cidis_bananos - INFO - config.optimizer.kwargs.weight_decay : 0.05
2025-03-16 22:48:27,723 - finetune_cidis_bananos - INFO - config.scheduler = edict()
2025-03-16 22:48:27,723 - finetune_cidis_bananos - INFO - config.scheduler.type : CosLR
2025-03-16 22:48:27,723 - finetune_cidis_bananos - INFO - config.scheduler.kwargs = edict()
2025-03-16 22:48:27,723 - finetune_cidis_bananos - INFO - config.scheduler.kwargs.epochs : 300
2025-03-16 22:48:27,724 - finetune_cidis_bananos - INFO - config.scheduler.kwargs.initial_epochs : 10
2025-03-16 22:48:27,724 - finetune_cidis_bananos - INFO - config.dataset = edict()
2025-03-16 22:48:27,724 - finetune_cidis_bananos - INFO - config.dataset.train = edict()
2025-03-16 22:48:27,724 - finetune_cidis_bananos - INFO - config.dataset.train._base_ = edict()
2025-03-16 22:48:27,724 - finetune_cidis_bananos - INFO - config.dataset.train._base_.NAME : ScanObjectNN
2025-03-16 22:48:27,724 - finetune_cidis_bananos - INFO - config.dataset.train._base_.ROOT : data/cidis
2025-03-16 22:48:27,724 - finetune_cidis_bananos - INFO - config.dataset.train.others = edict()
2025-03-16 22:48:27,724 - finetune_cidis_bananos - INFO - config.dataset.train.others.subset : train
2025-03-16 22:48:27,724 - finetune_cidis_bananos - INFO - config.dataset.train.others.bs : 32
2025-03-16 22:48:27,724 - finetune_cidis_bananos - INFO - config.dataset.val = edict()
2025-03-16 22:48:27,724 - finetune_cidis_bananos - INFO - config.dataset.val._base_ = edict()
2025-03-16 22:48:27,724 - finetune_cidis_bananos - INFO - config.dataset.val._base_.NAME : ScanObjectNN
2025-03-16 22:48:27,724 - finetune_cidis_bananos - INFO - config.dataset.val._base_.ROOT : data/cidis
2025-03-16 22:48:27,724 - finetune_cidis_bananos - INFO - config.dataset.val.others = edict()
2025-03-16 22:48:27,724 - finetune_cidis_bananos - INFO - config.dataset.val.others.subset : validation
2025-03-16 22:48:27,724 - finetune_cidis_bananos - INFO - config.dataset.val.others.bs : 32
2025-03-16 22:48:27,724 - finetune_cidis_bananos - INFO - config.dataset.test = edict()
2025-03-16 22:48:27,724 - finetune_cidis_bananos - INFO - config.dataset.test._base_ = edict()
2025-03-16 22:48:27,724 - finetune_cidis_bananos - INFO - config.dataset.test._base_.NAME : ScanObjectNN
2025-03-16 22:48:27,724 - finetune_cidis_bananos - INFO - config.dataset.test._base_.ROOT : data/cidis
2025-03-16 22:48:27,724 - finetune_cidis_bananos - INFO - config.dataset.test.others = edict()
2025-03-16 22:48:27,724 - finetune_cidis_bananos - INFO - config.dataset.test.others.subset : test
2025-03-16 22:48:27,724 - finetune_cidis_bananos - INFO - config.dataset.test.others.bs : 32
2025-03-16 22:48:27,724 - finetune_cidis_bananos - INFO - config.model = edict()
2025-03-16 22:48:27,724 - finetune_cidis_bananos - INFO - config.model.NAME : Mamba3D
2025-03-16 22:48:27,724 - finetune_cidis_bananos - INFO - config.model.trans_dim : 384
2025-03-16 22:48:27,724 - finetune_cidis_bananos - INFO - config.model.depth : 12
2025-03-16 22:48:27,724 - finetune_cidis_bananos - INFO - config.model.drop_path_rate : 0.1
2025-03-16 22:48:27,725 - finetune_cidis_bananos - INFO - config.model.cls_dim : 4
2025-03-16 22:48:27,725 - finetune_cidis_bananos - INFO - config.model.num_heads : 6
2025-03-16 22:48:27,725 - finetune_cidis_bananos - INFO - config.model.group_size : 32
2025-03-16 22:48:27,725 - finetune_cidis_bananos - INFO - config.model.num_group : 128
2025-03-16 22:48:27,725 - finetune_cidis_bananos - INFO - config.model.encoder_dims : 384
2025-03-16 22:48:27,725 - finetune_cidis_bananos - INFO - config.model.bimamba_type : v4
2025-03-16 22:48:27,725 - finetune_cidis_bananos - INFO - config.model.center_local_k : 4
2025-03-16 22:48:27,725 - finetune_cidis_bananos - INFO - config.model.ordering : False
2025-03-16 22:48:27,725 - finetune_cidis_bananos - INFO - config.model.label_smooth : 0.0
2025-03-16 22:48:27,725 - finetune_cidis_bananos - INFO - config.model.lr_ratio_cls : 1.0
2025-03-16 22:48:27,725 - finetune_cidis_bananos - INFO - config.model.lr_ratio_lfa : 1.0
2025-03-16 22:48:27,725 - finetune_cidis_bananos - INFO - config.npoints : 1024
2025-03-16 22:48:27,725 - finetune_cidis_bananos - INFO - config.total_bs : 32
2025-03-16 22:48:27,725 - finetune_cidis_bananos - INFO - config.step_per_update : 1
2025-03-16 22:48:27,725 - finetune_cidis_bananos - INFO - config.max_epoch : 300
2025-03-16 22:48:27,725 - finetune_cidis_bananos - INFO - config.grad_norm_clip : 10
2025-03-16 22:48:27,725 - finetune_cidis_bananos - INFO - Distributed training: False
2025-03-16 22:48:27,725 - finetune_cidis_bananos - INFO - Set random seed to 0, deterministic: False
